2022-04-24 13:33:33,227 INFO: Microblog startup [in C:\Python\pythonProject\virtualmap\app\__init__.py:60]
2022-04-24 13:33:44,781 INFO: Microblog startup [in C:\Python\pythonProject\virtualmap\app\__init__.py:60]
2022-04-24 13:33:52,282 INFO: Microblog startup [in C:\Python\pythonProject\virtualmap\app\__init__.py:60]
2022-04-24 21:01:03,204 INFO: Microblog startup [in C:\Python\pythonProject\virtualmap\app\__init__.py:60]
2022-04-24 21:08:25,653 INFO: Microblog startup [in C:\Python\pythonProject\virtualmap\app\__init__.py:60]
2022-04-24 21:08:31,980 INFO: Microblog startup [in C:\Python\pythonProject\virtualmap\app\__init__.py:60]
2022-04-24 21:36:03,824 INFO: Microblog startup [in C:\Python\pythonProject\virtualmap\app\__init__.py:60]
2022-04-24 21:36:25,844 INFO: Microblog startup [in C:\Python\pythonProject\virtualmap\app\__init__.py:60]
2022-04-24 21:37:26,263 INFO: Microblog startup [in C:\Python\pythonProject\virtualmap\app\__init__.py:60]
2022-04-24 21:37:33,442 INFO: Microblog startup [in C:\Python\pythonProject\virtualmap\app\__init__.py:60]
2022-04-24 21:39:18,460 INFO: Microblog startup [in C:\Python\pythonProject\virtualmap\app\__init__.py:60]
2022-04-24 21:39:41,694 INFO: Microblog startup [in C:\Python\pythonProject\virtualmap\app\__init__.py:60]
2022-04-24 21:41:43,749 INFO: Microblog startup [in C:\Python\pythonProject\virtualmap\app\__init__.py:60]
2022-04-24 21:42:09,910 INFO: Microblog startup [in C:\Python\pythonProject\virtualmap\app\__init__.py:60]
2022-04-24 22:18:35,990 INFO: Microblog startup [in C:\Python\pythonProject\virtualmap\app\__init__.py:60]
2022-04-24 22:20:20,881 INFO: Microblog startup [in C:\Python\pythonProject\virtualmap\app\__init__.py:60]
2022-04-24 22:20:27,713 INFO: Microblog startup [in C:\Python\pythonProject\virtualmap\app\__init__.py:60]
2022-04-24 22:20:35,204 INFO: Microblog startup [in C:\Python\pythonProject\virtualmap\app\__init__.py:60]
2022-04-24 22:21:02,567 INFO: Microblog startup [in C:\Python\pythonProject\virtualmap\app\__init__.py:60]
2022-04-24 22:22:06,291 INFO: Microblog startup [in C:\Python\pythonProject\virtualmap\app\__init__.py:60]
2022-04-24 22:23:40,736 INFO: Microblog startup [in C:\Python\pythonProject\virtualmap\app\__init__.py:60]
2022-04-24 22:23:48,257 INFO: Microblog startup [in C:\Python\pythonProject\virtualmap\app\__init__.py:60]
2022-05-01 17:59:35,475 INFO: Microblog startup [in C:\Python\pythonProject\virtualmap\app\__init__.py:60]
2022-05-01 17:59:41,672 INFO: Microblog startup [in C:\Python\pythonProject\virtualmap\app\__init__.py:60]
2022-05-01 18:03:39,295 INFO: Microblog startup [in C:\Python\pythonProject\virtualmap\app\__init__.py:60]
2022-05-01 18:03:46,363 INFO: Microblog startup [in C:\Python\pythonProject\virtualmap\app\__init__.py:60]
2022-05-03 22:06:13,511 INFO: Microblog startup [in C:\Python\pythonProject\virtualmap\app\__init__.py:60]
2022-05-03 22:06:29,312 INFO: Microblog startup [in C:\Python\pythonProject\virtualmap\app\__init__.py:60]
2022-05-03 22:06:36,106 INFO: Microblog startup [in C:\Python\pythonProject\virtualmap\app\__init__.py:60]
2022-05-03 22:07:04,102 INFO: Microblog startup [in C:\Python\pythonProject\virtualmap\app\__init__.py:60]
2022-05-03 22:07:15,181 INFO: Microblog startup [in C:\Python\pythonProject\virtualmap\app\__init__.py:60]
2022-05-03 22:11:36,313 INFO: Microblog startup [in C:\Python\pythonProject\virtualmap\app\__init__.py:60]
2022-05-03 22:12:20,809 INFO: Microblog startup [in C:\Python\pythonProject\virtualmap\app\__init__.py:60]
2022-05-03 22:16:49,906 INFO: Microblog startup [in C:\Python\pythonProject\virtualmap\app\__init__.py:63]
2022-05-03 22:16:57,732 INFO: Microblog startup [in C:\Python\pythonProject\virtualmap\app\__init__.py:63]
2022-05-07 15:00:27,766 INFO: Microblog startup [in C:\Python\pythonProject\virtualmap\app\__init__.py:63]
2022-05-07 15:00:42,987 INFO: Microblog startup [in C:\Python\pythonProject\virtualmap\app\__init__.py:63]
2022-05-08 18:47:41,977 INFO: Microblog startup [in C:\Python\pythonProject\virtualmap\app\__init__.py:63]
2022-05-08 18:47:48,780 INFO: Microblog startup [in C:\Python\pythonProject\virtualmap\app\__init__.py:63]
2022-05-08 18:48:07,203 INFO: Microblog startup [in C:\Python\pythonProject\virtualmap\app\__init__.py:63]
2022-05-08 18:58:16,219 INFO: Microblog startup [in C:\Python\pythonProject\virtualmap\app\__init__.py:63]
2022-05-08 19:00:22,455 INFO: Microblog startup [in C:\Python\pythonProject\virtualmap\app\__init__.py:63]
2022-05-08 19:22:13,373 INFO: Microblog startup [in C:\Python\pythonProject\virtualmap\app\__init__.py:63]
2022-05-08 19:29:58,263 INFO: Microblog startup [in C:\Python\pythonProject\virtualmap\app\__init__.py:63]
2022-05-08 19:30:08,051 INFO: Microblog startup [in C:\Python\pythonProject\virtualmap\app\__init__.py:63]
2022-05-08 19:32:31,046 INFO: Microblog startup [in C:\Python\pythonProject\virtualmap\app\__init__.py:63]
2022-05-08 19:32:54,801 INFO: Microblog startup [in C:\Python\pythonProject\virtualmap\app\__init__.py:63]
2022-05-08 20:39:03,699 INFO: Microblog startup [in C:\Python\pythonProject\virtualmap\app\__init__.py:63]
2022-05-08 20:39:10,092 INFO: Microblog startup [in C:\Python\pythonProject\virtualmap\app\__init__.py:63]
2022-05-08 20:40:29,084 INFO: Microblog startup [in C:\Python\pythonProject\virtualmap\app\__init__.py:63]
2022-05-08 20:40:39,707 INFO: Microblog startup [in C:\Python\pythonProject\virtualmap\app\__init__.py:63]
2022-05-09 17:54:09,841 INFO: Microblog startup [in C:\Python\pythonProject\virtualmap\app\__init__.py:63]
2022-05-09 17:56:18,885 INFO: Microblog startup [in C:\Python\pythonProject\virtualmap\app\__init__.py:63]
2022-05-09 17:58:33,543 INFO: Microblog startup [in C:\Python\pythonProject\virtualmap\app\__init__.py:63]
2022-05-09 18:20:32,583 INFO: Microblog startup [in C:\Python\pythonProject\virtualmap\app\__init__.py:63]
2022-05-09 18:20:33,682 ERROR: Exception on / [GET] [in c:\python\pythonproject\virtualmap\venv\lib\site-packages\flask\app.py:1455]
Traceback (most recent call last):
  File "c:\python\pythonproject\virtualmap\venv\lib\site-packages\flask\app.py", line 2077, in wsgi_app
    response = self.full_dispatch_request()
  File "c:\python\pythonproject\virtualmap\venv\lib\site-packages\flask\app.py", line 1525, in full_dispatch_request
    rv = self.handle_user_exception(e)
  File "c:\python\pythonproject\virtualmap\venv\lib\site-packages\flask\app.py", line 1523, in full_dispatch_request
    rv = self.dispatch_request()
  File "c:\python\pythonproject\virtualmap\venv\lib\site-packages\flask\app.py", line 1509, in dispatch_request
    return self.ensure_sync(self.view_functions[rule.endpoint])(**req.view_args)
  File "c:\python\pythonproject\virtualmap\venv\lib\site-packages\flask_login\utils.py", line 277, in decorated_view
    return current_app.ensure_sync(func)(*args, **kwargs)
  File "C:\Python\pythonProject\virtualmap\app\main\routes.py", line 62, in index
    return render_template('main/index.html', **params)
  File "c:\python\pythonproject\virtualmap\venv\lib\site-packages\flask\templating.py", line 149, in render_template
    ctx.app.jinja_env.get_or_select_template(template_name_or_list),
  File "c:\python\pythonproject\virtualmap\venv\lib\site-packages\jinja2\environment.py", line 1068, in get_or_select_template
    return self.get_template(template_name_or_list, parent, globals)
  File "c:\python\pythonproject\virtualmap\venv\lib\site-packages\jinja2\environment.py", line 997, in get_template
    return self._load_template(name, globals)
  File "c:\python\pythonproject\virtualmap\venv\lib\site-packages\jinja2\environment.py", line 958, in _load_template
    template = self.loader.load(self, name, self.make_globals(globals))
  File "c:\python\pythonproject\virtualmap\venv\lib\site-packages\jinja2\loaders.py", line 137, in load
    code = environment.compile(source, name, filename)
  File "c:\python\pythonproject\virtualmap\venv\lib\site-packages\jinja2\environment.py", line 757, in compile
    self.handle_exception(source=source_hint)
  File "c:\python\pythonproject\virtualmap\venv\lib\site-packages\jinja2\environment.py", line 925, in handle_exception
    raise rewrite_traceback_stack(source=source)
  File "C:\Python\pythonProject\virtualmap\app\main\templates\main\index.html", line 73, in template
    <script src="{{ url_for('static', filename='js\jquery.min.js')"></script>
jinja2.exceptions.TemplateSyntaxError: unexpected char '"' at 4074
2022-05-09 18:21:40,366 INFO: Microblog startup [in C:\Python\pythonProject\virtualmap\app\__init__.py:63]
2022-05-09 18:23:13,398 INFO: Microblog startup [in C:\Python\pythonProject\virtualmap\app\__init__.py:63]
2022-05-09 18:23:58,046 INFO: Microblog startup [in C:\Python\pythonProject\virtualmap\app\__init__.py:63]
2022-05-09 18:24:40,802 INFO: Microblog startup [in C:\Python\pythonProject\virtualmap\app\__init__.py:63]
2022-05-09 19:12:11,733 INFO: Microblog startup [in C:\Python\pythonProject\virtualmap\app\__init__.py:63]
2022-05-09 19:13:14,536 INFO: Microblog startup [in C:\Python\pythonProject\virtualmap\app\__init__.py:63]
2022-05-09 19:15:58,514 INFO: Microblog startup [in C:\Python\pythonProject\virtualmap\app\__init__.py:63]
2022-05-09 21:09:40,399 INFO: Microblog startup [in C:\Python\pythonProject\virtualmap\app\__init__.py:63]
2022-05-09 21:09:53,629 INFO: Microblog startup [in C:\Python\pythonProject\virtualmap\app\__init__.py:63]
